<?xml version="1.0" encoding="UTF-8"?>
<!-- Generated by org.testng.reporters.JUnitReportReporter -->
<testsuite hostname="DESKTOP-3PERPIQ" failures="0" tests="1" name="co.actionsclass.Slider" time="3.074" errors="0" timestamp="2024-12-12T00:48:22 IST" skipped="0">
  <testcase classname="co.actionsclass.Slider" name="Sliding" time="3.074"/>
</testsuite> <!-- co.actionsclass.Slider -->
