<?xml version="1.0" encoding="UTF-8"?>
<!-- Generated by org.testng.reporters.JUnitReportReporter -->
<testsuite hostname="DESKTOP-3PERPIQ" failures="0" tests="1" name="co.actionsclass.Demo1" time="3.688" errors="0" timestamp="2024-12-11T20:04:02 IST" skipped="0">
  <testcase classname="co.actionsclass.Demo1" name="testGoogle" time="3.688"/>
</testsuite> <!-- co.actionsclass.Demo1 -->
